

============================== 2022-09-21 13:38:40.950204 | 275a04c4-2a3c-45c9-8daa-59e1d18ebea7 ==============================
[0m13:38:40.950204 [info ] [MainThread]: Running with dbt=1.2.1
[0m13:38:41.003456 [debug] [MainThread]: running dbt with arguments {'write_json': True, 'use_colors': True, 'printer_width': 80, 'version_check': True, 'partial_parse': True, 'static_parser': True, 'profiles_dir': 'C:\\Users\\JaneRose\\.dbt', 'send_anonymous_usage_stats': True, 'event_buffer_size': 100000, 'quiet': False, 'no_print': False, 'skip_profile_setup': False, 'which': 'init', 'indirect_selection': 'eager'}
[0m13:38:41.004458 [debug] [MainThread]: Tracking: tracking
[0m13:38:41.070862 [debug] [MainThread]: Sending event: {'category': 'dbt', 'action': 'invocation', 'label': 'start', 'context': [<snowplow_tracker.self_describing_json.SelfDescribingJson object at 0x00000169E802A7D0>, <snowplow_tracker.self_describing_json.SelfDescribingJson object at 0x00000169E802A2F0>, <snowplow_tracker.self_describing_json.SelfDescribingJson object at 0x00000169E802A590>]}
[0m13:38:41.098288 [info ] [MainThread]: Creating dbt configuration folder at C:\Users\JaneRose\.dbt
[0m13:40:17.435549 [debug] [MainThread]: Starter project path: C:\Users\JaneRose\anaconda3\envs\week5\lib\site-packages\dbt\include\starter_project
[0m13:40:37.152115 [info ] [MainThread]: Profile WEEK5_DWH_PostgreSQL written to C:\Users\JaneRose\.dbt\profiles.yml using target's sample configuration. Once updated, you'll be able to start developing with dbt.
[0m13:40:37.156116 [info ] [MainThread]: 
Your new dbt project "WEEK5_DWH_PostgreSQL" was created!

For more information on how to configure the profiles.yml file,
please consult the dbt documentation here:

  https://docs.getdbt.com/docs/configure-your-profile

One more thing:

Need help? Don't hesitate to reach out to us via GitHub issues or on Slack:

  https://community.getdbt.com/

Happy modeling!

[0m13:40:37.164117 [debug] [MainThread]: Sending event: {'category': 'dbt', 'action': 'invocation', 'label': 'end', 'context': [<snowplow_tracker.self_describing_json.SelfDescribingJson object at 0x00000169E8029DB0>, <snowplow_tracker.self_describing_json.SelfDescribingJson object at 0x00000169E8029D20>, <snowplow_tracker.self_describing_json.SelfDescribingJson object at 0x00000169E8029C60>]}
[0m13:40:37.166115 [debug] [MainThread]: Flushing usage events


============================== 2022-09-24 19:20:01.335946 | 75db0c7f-56fd-456f-bbf4-a9f4a313461e ==============================
[0m19:20:01.335946 [info ] [MainThread]: Running with dbt=1.2.1
[0m19:20:01.432879 [debug] [MainThread]: running dbt with arguments {'write_json': True, 'use_colors': True, 'printer_width': 80, 'version_check': True, 'partial_parse': True, 'static_parser': True, 'profiles_dir': 'C:\\Users\\JaneRose\\.dbt', 'send_anonymous_usage_stats': True, 'event_buffer_size': 100000, 'quiet': False, 'no_print': False, 'config_dir': False, 'which': 'debug', 'indirect_selection': 'eager'}
[0m19:20:01.433878 [debug] [MainThread]: Tracking: tracking
[0m19:20:04.282490 [debug] [MainThread]: Sending event: {'category': 'dbt', 'action': 'invocation', 'label': 'start', 'context': [<snowplow_tracker.self_describing_json.SelfDescribingJson object at 0x000001EFB2735FC0>, <snowplow_tracker.self_describing_json.SelfDescribingJson object at 0x000001EFB2735C00>, <snowplow_tracker.self_describing_json.SelfDescribingJson object at 0x000001EFB2735F00>]}
[0m19:20:08.877115 [debug] [MainThread]: Executing "git --help"
[0m19:20:17.588261 [debug] [MainThread]: STDOUT: "b"usage: git [-v | --version] [-h | --help] [-C <path>] [-c <name>=<value>]\n           [--exec-path[=<path>]] [--html-path] [--man-path] [--info-path]\n           [-p | --paginate | -P | --no-pager] [--no-replace-objects] [--bare]\n           [--git-dir=<path>] [--work-tree=<path>] [--namespace=<name>]\n           [--super-prefix=<path>] [--config-env=<name>=<envvar>]\n           <command> [<args>]\n\nThese are common Git commands used in various situations:\n\nstart a working area (see also: git help tutorial)\n   clone     Clone a repository into a new directory\n   init      Create an empty Git repository or reinitialize an existing one\n\nwork on the current change (see also: git help everyday)\n   add       Add file contents to the index\n   mv        Move or rename a file, a directory, or a symlink\n   restore   Restore working tree files\n   rm        Remove files from the working tree and from the index\n\nexamine the history and state (see also: git help revisions)\n   bisect    Use binary search to find the commit that introduced a bug\n   diff      Show changes between commits, commit and working tree, etc\n   grep      Print lines matching a pattern\n   log       Show commit logs\n   show      Show various types of objects\n   status    Show the working tree status\n\ngrow, mark and tweak your common history\n   branch    List, create, or delete branches\n   commit    Record changes to the repository\n   merge     Join two or more development histories together\n   rebase    Reapply commits on top of another base tip\n   reset     Reset current HEAD to the specified state\n   switch    Switch branches\n   tag       Create, list, delete or verify a tag object signed with GPG\n\ncollaborate (see also: git help workflows)\n   fetch     Download objects and refs from another repository\n   pull      Fetch from and integrate with another repository or a local branch\n   push      Update remote refs along with associated objects\n\n'git help -a' and 'git help -g' list available subcommands and some\nconcept guides. See 'git help <command>' or 'git help <concept>'\nto read about a specific subcommand or concept.\nSee 'git help git' for an overview of the system.\n""
[0m19:20:17.682282 [debug] [MainThread]: STDERR: "b''"
[0m19:20:17.738838 [debug] [MainThread]: Sending event: {'category': 'dbt', 'action': 'invocation', 'label': 'end', 'context': [<snowplow_tracker.self_describing_json.SelfDescribingJson object at 0x000001EFB2826BF0>, <snowplow_tracker.self_describing_json.SelfDescribingJson object at 0x000001EFB2825AB0>, <snowplow_tracker.self_describing_json.SelfDescribingJson object at 0x000001EFB28259C0>]}
[0m19:20:17.740838 [debug] [MainThread]: Flushing usage events


============================== 2022-09-24 19:39:54.465822 | 4e817e64-edbd-4763-b2b5-965ffa0f6c0a ==============================
[0m19:39:54.465822 [info ] [MainThread]: Running with dbt=1.2.1
[0m19:39:54.511818 [debug] [MainThread]: running dbt with arguments {'write_json': True, 'use_colors': True, 'printer_width': 80, 'version_check': True, 'partial_parse': True, 'static_parser': True, 'profiles_dir': 'C:\\Users\\JaneRose\\.dbt', 'send_anonymous_usage_stats': True, 'event_buffer_size': 100000, 'quiet': False, 'no_print': False, 'config_dir': False, 'which': 'debug', 'indirect_selection': 'eager'}
[0m19:39:54.513821 [debug] [MainThread]: Tracking: tracking
[0m19:39:54.852307 [debug] [MainThread]: Sending event: {'category': 'dbt', 'action': 'invocation', 'label': 'start', 'context': [<snowplow_tracker.self_describing_json.SelfDescribingJson object at 0x000002BA8CF8A050>, <snowplow_tracker.self_describing_json.SelfDescribingJson object at 0x000002BA8CF89AB0>, <snowplow_tracker.self_describing_json.SelfDescribingJson object at 0x000002BA8CF89DB0>]}
[0m19:39:55.653443 [debug] [MainThread]: Executing "git --help"
[0m19:39:56.494741 [debug] [MainThread]: STDOUT: "b"usage: git [-v | --version] [-h | --help] [-C <path>] [-c <name>=<value>]\n           [--exec-path[=<path>]] [--html-path] [--man-path] [--info-path]\n           [-p | --paginate | -P | --no-pager] [--no-replace-objects] [--bare]\n           [--git-dir=<path>] [--work-tree=<path>] [--namespace=<name>]\n           [--super-prefix=<path>] [--config-env=<name>=<envvar>]\n           <command> [<args>]\n\nThese are common Git commands used in various situations:\n\nstart a working area (see also: git help tutorial)\n   clone     Clone a repository into a new directory\n   init      Create an empty Git repository or reinitialize an existing one\n\nwork on the current change (see also: git help everyday)\n   add       Add file contents to the index\n   mv        Move or rename a file, a directory, or a symlink\n   restore   Restore working tree files\n   rm        Remove files from the working tree and from the index\n\nexamine the history and state (see also: git help revisions)\n   bisect    Use binary search to find the commit that introduced a bug\n   diff      Show changes between commits, commit and working tree, etc\n   grep      Print lines matching a pattern\n   log       Show commit logs\n   show      Show various types of objects\n   status    Show the working tree status\n\ngrow, mark and tweak your common history\n   branch    List, create, or delete branches\n   commit    Record changes to the repository\n   merge     Join two or more development histories together\n   rebase    Reapply commits on top of another base tip\n   reset     Reset current HEAD to the specified state\n   switch    Switch branches\n   tag       Create, list, delete or verify a tag object signed with GPG\n\ncollaborate (see also: git help workflows)\n   fetch     Download objects and refs from another repository\n   pull      Fetch from and integrate with another repository or a local branch\n   push      Update remote refs along with associated objects\n\n'git help -a' and 'git help -g' list available subcommands and some\nconcept guides. See 'git help <command>' or 'git help <concept>'\nto read about a specific subcommand or concept.\nSee 'git help git' for an overview of the system.\n""
[0m19:39:56.495740 [debug] [MainThread]: STDERR: "b''"
[0m19:39:56.543773 [debug] [MainThread]: Acquiring new postgres connection "debug"
[0m19:39:56.544779 [debug] [MainThread]: Using postgres connection "debug"
[0m19:39:56.545769 [debug] [MainThread]: On debug: select 1 as id
[0m19:39:56.546775 [debug] [MainThread]: Opening a new connection, currently in state init
[0m19:39:57.911400 [debug] [MainThread]: SQL status: SELECT 1 in 1.36 seconds
[0m19:39:57.916453 [debug] [MainThread]: On debug: Close
[0m19:39:57.925444 [debug] [MainThread]: Sending event: {'category': 'dbt', 'action': 'invocation', 'label': 'end', 'context': [<snowplow_tracker.self_describing_json.SelfDescribingJson object at 0x000002BA8D06C220>, <snowplow_tracker.self_describing_json.SelfDescribingJson object at 0x000002BA8D06F0A0>, <snowplow_tracker.self_describing_json.SelfDescribingJson object at 0x000002BA8D06D6F0>]}
[0m19:39:57.929446 [debug] [MainThread]: Flushing usage events
[0m19:40:00.123795 [debug] [MainThread]: Connection 'debug' was properly closed.
